#
# There is insufficient memory for the Java Runtime Environment to continue.
# Native memory allocation (malloc) failed to allocate 1048576 bytes for AllocateHeap
# Possible reasons:
#   The system is out of physical RAM or swap space
#   The process is running with CompressedOops enabled, and the Java Heap may be blocking the growth of the native heap
# Possible solutions:
#   Reduce memory load on the system
#   Increase physical memory or swap space
#   Check if swap backing store is full
#   Decrease Java heap size (-Xmx/-Xms)
#   Decrease number of Java threads
#   Decrease Java thread stack sizes (-Xss)
#   Set larger code cache with -XX:ReservedCodeCacheSize=
#   JVM is running with Unscaled Compressed Oops mode in which the Java heap is
#     placed in the first 4GB address space. The Java Heap base address is the
#     maximum limit for the native heap growth. Please use -XX:HeapBaseMinAddress
#     to set the Java Heap base and to place the Java Heap above 4GB virtual address.
# This output file may be truncated or incomplete.
#
#  Out of Memory Error (allocation.cpp:44), pid=9716, tid=12016
#
# JRE version:  (17.0.3+7) (build )
# Java VM: OpenJDK 64-Bit Server VM (17.0.3+7, mixed mode, sharing, tiered, compressed oops, compressed class ptrs, g1 gc, windows-amd64)
# No core dump will be written. Minidumps are not enabled by default on client versions of Windows
#

---------------  S U M M A R Y ------------

Command Line: -Dfile.encoding=UTF-8 -XX:+ShowCodeDetailsInExceptionMessages br.senai.jandira.sp.model.AppaAcademia

Host: Intel(R) Core(TM) i5-10500 CPU @ 3.10GHz, 12 cores, 7G,  Windows 10 , 64 bit Build 19041 (10.0.19041.1348)
Time: Tue Aug 30 14:06:31 2022 Hora oficial do Brasil elapsed time: 0.014869 seconds (0d 0h 0m 0s)

---------------  T H R E A D  ---------------

Current thread (0x0000021c8da9aa00):  JavaThread "Unknown thread" [_thread_in_vm, id=12016, stack(0x0000002479600000,0x0000002479700000)]

Stack: [0x0000002479600000,0x0000002479700000]
Native frames: (J=compiled Java code, j=interpreted, Vv=VM code, C=native code)
V  [jvm.dll+0x675efa]
V  [jvm.dll+0x830a24]
V  [jvm.dll+0x8321ce]
V  [jvm.dll+0x832833]
V  [jvm.dll+0x2454b5]
V  [jvm.dll+0xa6393]
V  [jvm.dll+0x2e4327]
V  [jvm.dll+0x2dc18b]
V  [jvm.dll+0x802651]
V  [jvm.dll+0x3693b1]
V  [jvm.dll+0x7e1aac]
V  [jvm.dll+0x3ebd8f]
V  [jvm.dll+0x3ed911]
C  [jli.dll+0x5277]
C  [ucrtbase.dll+0x21bb2]
C  [KERNEL32.DLL+0x17034]
C  [ntdll.dll+0x52651]


---------------  P R O C E S S  ---------------

Threads class SMR info:
_java_thread_list=0x00007ffb36b86e98, length=0, elements={
}

Java Threads: ( => current thread )

Other Threads:
  0x0000021c8dad72f0 GCTaskThread "GC Thread#0" [stack: 0x0000002479700000,0x0000002479800000] [id=15788]

[error occurred during error reporting (printing all threads), id 0xc0000005, EXCEPTION_ACCESS_VIOLATION (0xc0000005) at pc=0x00007ffb363592b0]

VM state: not at safepoint (not fully initialized)

VM Mutex/Monitor currently owned by a thread:  ([mutex/lock_event])
[0x0000021c8da981a0] Heap_lock - owner thread: 0x0000021c8da9aa00

Heap address: 0x0000000083e00000, size: 1986 MB, Compressed Oops mode: 32-bit

CDS archive(s) mapped at: [0x0000000000000000-0x0000000000000000-0x0000000000000000), size 0, SharedBaseAddress: 0x0000000800000000, ArchiveRelocationMode: 0.
Narrow klass base: 0x0000000000000000, Narrow klass shift: 0, Narrow klass range: 0x0

GC Precious Log:
<Empty>

Heap:
 garbage-first heap   total 0K, used 0K [0x0000000083e00000, 0x0000000100000000)
  region size 1024K, 0 young (0K), 0 survivors (0K)

[error occurred during error reporting (printing heap information), id 0xc0000005, EXCEPTION_ACCESS_VIOLATION (0xc0000005) at pc=0x00007ffb3673f249]

GC Heap History (0 events):
No events

Deoptimization events (0 events):
No events

Classes unloaded (0 events):
No events

Classes redefined (0 events):
No events

Internal exceptions (0 events):
No events

VM Operations (0 events):
No events

Events (1 events):
Event: 0.010 Loaded shared library C:\Users\22282173\eclipse\plugins\org.eclipse.justj.openjdk.hotspot.jre.full.win32.x86_64_17.0.3.v20220515-1416\jre\bin\java.dll


Dynamic libraries:
0x00007ff7c6650000 - 0x00007ff7c665e000 	C:\Users\22282173\eclipse\plugins\org.eclipse.justj.openjdk.hotspot.jre.full.win32.x86_64_17.0.3.v20220515-1416\jre\bin\javaw.exe
0x00007ffb88d70000 - 0x00007ffb88f65000 	C:\WINDOWS\SYSTEM32\ntdll.dll
0x00007ffb88360000 - 0x00007ffb8841e000 	C:\WINDOWS\System32\KERNEL32.DLL
0x00007ffb86770000 - 0x00007ffb86a38000 	C:\WINDOWS\System32\KERNELBASE.dll
0x00007ffb86670000 - 0x00007ffb86770000 	C:\WINDOWS\System32\ucrtbase.dll
0x00007ffb831c0000 - 0x00007ffb831d8000 	C:\Users\22282173\eclipse\plugins\org.eclipse.justj.openjdk.hotspot.jre.full.win32.x86_64_17.0.3.v20220515-1416\jre\bin\jli.dll
0x00007ffb831e0000 - 0x00007ffb831f9000 	C:\Users\22282173\eclipse\plugins\org.eclipse.justj.openjdk.hotspot.jre.full.win32.x86_64_17.0.3.v20220515-1416\jre\bin\VCRUNTIME140.dll
0x00007ffb87090000 - 0x00007ffb87231000 	C:\WINDOWS\System32\USER32.dll
0x00007ffb86b50000 - 0x00007ffb86b72000 	C:\WINDOWS\System32\win32u.dll
0x00007ffb88260000 - 0x00007ffb8828b000 	C:\WINDOWS\System32\GDI32.dll
0x00007ffb86a40000 - 0x00007ffb86b4d000 	C:\WINDOWS\System32\gdi32full.dll
0x00007ffb86bd0000 - 0x00007ffb86c6d000 	C:\WINDOWS\System32\msvcp_win.dll
0x00007ffb6f270000 - 0x00007ffb6f50a000 	C:\WINDOWS\WinSxS\amd64_microsoft.windows.common-controls_6595b64144ccf1df_6.0.19041.1110_none_60b5254171f9507e\COMCTL32.dll
0x00007ffb88c30000 - 0x00007ffb88cce000 	C:\WINDOWS\System32\msvcrt.dll
0x00007ffb87b80000 - 0x00007ffb87bb0000 	C:\WINDOWS\System32\IMM32.DLL
0x00007ffb42b90000 - 0x00007ffb42cee000 	C:\WINDOWS\system32\tmumh\20019\AddOn\8.55.0.1099\TmUmEvt64.dll
0x00007ffb886c0000 - 0x00007ffb886c8000 	C:\WINDOWS\System32\PSAPI.DLL
0x00007ffb86db0000 - 0x00007ffb86e5c000 	C:\WINDOWS\System32\ADVAPI32.dll
0x00007ffb88ae0000 - 0x00007ffb88b7b000 	C:\WINDOWS\System32\sechost.dll
0x00007ffb86f40000 - 0x00007ffb8706a000 	C:\WINDOWS\System32\RPCRT4.dll
0x00000000522f0000 - 0x000000005245f000 	C:\WINDOWS\system32\tmumh\20019\TmMon\2.9.0.1036\tmmon64.dll
0x00007ffb87240000 - 0x00007ffb87295000 	C:\WINDOWS\System32\SHLWAPI.dll
0x00007ffb83af0000 - 0x00007ffb83afc000 	C:\Users\22282173\eclipse\plugins\org.eclipse.justj.openjdk.hotspot.jre.full.win32.x86_64_17.0.3.v20220515-1416\jre\bin\vcruntime140_1.dll
0x00007ffb7a470000 - 0x00007ffb7a501000 	C:\Users\22282173\eclipse\plugins\org.eclipse.justj.openjdk.hotspot.jre.full.win32.x86_64_17.0.3.v20220515-1416\jre\bin\msvcp140.dll
0x00007ffb36070000 - 0x00007ffb36cb8000 	C:\Users\22282173\eclipse\plugins\org.eclipse.justj.openjdk.hotspot.jre.full.win32.x86_64_17.0.3.v20220515-1416\jre\bin\server\jvm.dll
0x00007ffb83f60000 - 0x00007ffb83f69000 	C:\WINDOWS\SYSTEM32\WSOCK32.dll
0x00007ffb88150000 - 0x00007ffb881bb000 	C:\WINDOWS\System32\WS2_32.dll
0x00007ffb79f90000 - 0x00007ffb79fb7000 	C:\WINDOWS\SYSTEM32\WINMM.dll
0x00007ffb7e7c0000 - 0x00007ffb7e7ca000 	C:\WINDOWS\SYSTEM32\VERSION.dll
0x00007ffb84390000 - 0x00007ffb843a2000 	C:\WINDOWS\SYSTEM32\kernel.appcore.dll
0x00007ffb82d60000 - 0x00007ffb82d6a000 	C:\Users\22282173\eclipse\plugins\org.eclipse.justj.openjdk.hotspot.jre.full.win32.x86_64_17.0.3.v20220515-1416\jre\bin\jimage.dll
0x00007ffb6fe00000 - 0x00007ffb6ffe4000 	C:\WINDOWS\SYSTEM32\DBGHELP.DLL
0x00007ffb6fb00000 - 0x00007ffb6fb2c000 	C:\WINDOWS\SYSTEM32\dbgcore.DLL
0x00007ffb86480000 - 0x00007ffb86502000 	C:\WINDOWS\System32\bcryptPrimitives.dll
0x00007ffb81510000 - 0x00007ffb81535000 	C:\Users\22282173\eclipse\plugins\org.eclipse.justj.openjdk.hotspot.jre.full.win32.x86_64_17.0.3.v20220515-1416\jre\bin\java.dll

dbghelp: loaded successfully - version: 4.0.5 - missing functions: none
symbol engine: initialized successfully - sym options: 0x614 - pdb path: .;C:\Users\22282173\eclipse\plugins\org.eclipse.justj.openjdk.hotspot.jre.full.win32.x86_64_17.0.3.v20220515-1416\jre\bin;C:\WINDOWS\SYSTEM32;C:\WINDOWS\WinSxS\amd64_microsoft.windows.common-controls_6595b64144ccf1df_6.0.19041.1110_none_60b5254171f9507e;C:\WINDOWS\system32\tmumh\20019\AddOn\8.55.0.1099;C:\WINDOWS\system32\tmumh\20019\TmMon\2.9.0.1036;C:\Users\22282173\eclipse\plugins\org.eclipse.justj.openjdk.hotspot.jre.full.win32.x86_64_17.0.3.v20220515-1416\jre\bin\server

VM Arguments:
jvm_args: -Dfile.encoding=UTF-8 -XX:+ShowCodeDetailsInExceptionMessages 
java_command: br.senai.jandira.sp.model.AppaAcademia
java_class_path (initial): C:\Users\22282173\eclipse-workspace\academia\bin
Launcher Type: SUN_STANDARD

[Global flags]
     intx CICompilerCount                          = 4                                         {product} {ergonomic}
     uint ConcGCThreads                            = 3                                         {product} {ergonomic}
     uint G1ConcRefinementThreads                  = 10                                        {product} {ergonomic}
   size_t G1HeapRegionSize                         = 1048576                                   {product} {ergonomic}
    uintx GCDrainStackTargetSize                   = 64                                        {product} {ergonomic}
   size_t InitialHeapSize                          = 132120576                                 {product} {ergonomic}
   size_t MarkStackSize                            = 4194304                                   {product} {ergonomic}
   size_t MaxHeapSize                              = 2082471936                                {product} {ergonomic}
   size_t MinHeapDeltaBytes                        = 1048576                                   {product} {ergonomic}
   size_t MinHeapSize                              = 8388608                                   {product} {ergonomic}
    uintx NonNMethodCodeHeapSize                   = 5839372                                {pd product} {ergonomic}
    uintx NonProfiledCodeHeapSize                  = 122909434                              {pd product} {ergonomic}
    uintx ProfiledCodeHeapSize                     = 122909434                              {pd product} {ergonomic}
    uintx ReservedCodeCacheSize                    = 251658240                              {pd product} {ergonomic}
     bool SegmentedCodeCache                       = true                                      {product} {ergonomic}
     bool ShowCodeDetailsInExceptionMessages       = true                                   {manageable} {command line}
   size_t SoftMaxHeapSize                          = 2082471936                             {manageable} {ergonomic}
     bool UseCompressedClassPointers               = true                           {product lp64_product} {ergonomic}
     bool UseCompressedOops                        = true                           {product lp64_product} {ergonomic}
     bool UseG1GC                                  = true                                      {product} {ergonomic}
     bool UseLargePagesIndividualAllocation        = false                                  {pd product} {ergonomic}

Logging:
Log output configuration:
 #0: stdout all=warning uptime,level,tags
 #1: stderr all=off uptime,level,tags

Environment Variables:
PATH=C:/Users/22282173/eclipse//plugins/org.eclipse.justj.openjdk.hotspot.jre.full.win32.x86_64_17.0.3.v20220515-1416/jre/bin/server;C:/Users/22282173/eclipse//plugins/org.eclipse.justj.openjdk.hotspot.jre.full.win32.x86_64_17.0.3.v20220515-1416/jre/bin;C:\Program Files\Common Files\Oracle\Java\javapath;C:\ProgramData\Oracle\Java\javapath;C:\Program Files (x86)\Common Files\Oracle\Java\javapath;C:\WINDOWS\system32;C:\WINDOWS;C:\WINDOWS\System32\Wbem;C:\WINDOWS\System32\WindowsPowerShell\v1.0\;C:\WINDOWS\System32\OpenSSH\;C:\Program Files (x86)\Brackets\command;C:\ProgramData\chocolatey\bin;C:\Program Files (x86)\PuTTY\;C:\Program Files\Git\cmd;C:\Program Files\nodejs\;C:\Program Files\Java\jdk-17.0.4\bin;C:\Users\22282173\AppData\Local\Microsoft\WindowsApps;;C:\Users\22282173\AppData\Local\Programs\Microsoft VS Code\bin;C:\Users\22282173\eclipse;
USERNAME=22282173
OS=Windows_NT
PROCESSOR_IDENTIFIER=Intel64 Family 6 Model 165 Stepping 3, GenuineIntel



---------------  S Y S T E M  ---------------

OS:
 Windows 10 , 64 bit Build 19041 (10.0.19041.1348)
OS uptime: 69 days 19:04 hours

CPU: total 12 (initial active 12) (6 cores per cpu, 2 threads per core) family 6 model 165 stepping 3 microcode 0xea, cx8, cmov, fxsr, ht, mmx, 3dnowpref, sse, sse2, sse3, ssse3, sse4.1, sse4.2, popcnt, lzcnt, tsc, tscinvbit, avx, avx2, aes, erms, clmul, bmi1, bmi2, adx, fma, vzeroupper, clflush, clflushopt

Memory: 4k page, system-wide physical 7938M (2243M free)
TotalPageFile size 12546M (AvailPageFile size 5M)
current process WorkingSet (physical memory assigned to process): 13M, peak: 13M
current process commit charge ("private bytes"): 56M, peak: 57M

vm_info: OpenJDK 64-Bit Server VM (17.0.3+7) for windows-amd64 JRE (17.0.3+7), built on Apr 19 2022 16:55:35 by "" with MS VC++ 16.7 (VS2019)

END.
